<?xml version="1.0" encoding="UTF-8" ?>
<testsuite tests="17" failures="0" name="com.robot.utility.InputValidatorImpl2Test" time="0" errors="0" skipped="0">
  <properties>
    <property name="java.runtime.name" value="Java(TM) SE Runtime Environment"/>
    <property name="sun.boot.library.path" value="C:\Program Files\Java\jdk1.8.0_25\jre\bin"/>
    <property name="java.vm.version" value="25.25-b02"/>
    <property name="user.country.format" value="CN"/>
    <property name="java.vm.vendor" value="Oracle Corporation"/>
    <property name="maven.multiModuleProjectDirectory" value="C:\Users\Hello\Documents\workspace\RobotHoverService"/>
    <property name="java.vendor.url" value="http://java.oracle.com/"/>
    <property name="path.separator" value=";"/>
    <property name="guice.disable.misplaced.annotation.check" value="true"/>
    <property name="java.vm.name" value="Java HotSpot(TM) 64-Bit Server VM"/>
    <property name="file.encoding.pkg" value="sun.io"/>
    <property name="user.script" value=""/>
    <property name="user.country" value="US"/>
    <property name="sun.java.launcher" value="SUN_STANDARD"/>
    <property name="sun.os.patch.level" value=""/>
    <property name="java.vm.specification.name" value="Java Virtual Machine Specification"/>
    <property name="user.dir" value="C:\Users\Hello\Documents\workspace\RobotHoverService"/>
    <property name="java.runtime.version" value="1.8.0_25-b18"/>
    <property name="java.awt.graphicsenv" value="sun.awt.Win32GraphicsEnvironment"/>
    <property name="java.endorsed.dirs" value="C:\Program Files\Java\jdk1.8.0_25\jre\lib\endorsed"/>
    <property name="os.arch" value="amd64"/>
    <property name="java.io.tmpdir" value="C:\Users\Hello\AppData\Local\Temp\"/>
    <property name="line.separator" value="
"/>
    <property name="java.vm.specification.vendor" value="Oracle Corporation"/>
    <property name="user.variant" value=""/>
    <property name="os.name" value="Windows 8.1"/>
    <property name="classworlds.conf" value="C:\Users\Hello\Documents\workspace\.metadata\.plugins\org.eclipse.m2e.launching\launches\m2conf2526958179600302158.tmp"/>
    <property name="sun.jnu.encoding" value="GBK"/>
    <property name="java.library.path" value="C:\Program Files\Java\jdk1.8.0_25\bin;C:\WINDOWS\Sun\Java\bin;C:\WINDOWS\system32;C:\WINDOWS;C:/Program Files/Java/jdk1.8.0_25/bin/../jre/bin/server;C:/Program Files/Java/jdk1.8.0_25/bin/../jre/bin;C:/Program Files/Java/jdk1.8.0_25/bin/../jre/lib/amd64;C:\Python27\;C:\Python27\Scripts;C:\Program Files\Java\jdk1.8.0_25\bin;C:\Python27\;C:\Python27\Scripts;C:\Program Files\Java\jdk1.8.0_25\bin;C:\Python27\;C:\Python27\Scripts;C:\Program Files\Java\jdk1.8.0_25\bin;C:\WINDOWS\System32;C:\Program Files (x86)\Calibre2\;C:\WINDOWS\system32;C:\WINDOWS;C:\WINDOWS\system32\wbem;C:\CYGWIN\bin;C:\apache-maven-3.3.3\bin;C:\Program Files\nodejs\;C:\WINDOWS\System32\Wbem;C:\WINDOWS\System32\WindowsPowerShell\v1.0\;C:\opencv\build\bin;%USERPROFILE%\.dnx\bin;C:\Program Files\Microsoft DNX\Dnvm\;C:\Program Files\Microsoft SQL Server\130\Tools\Binn\;C:\Program Files\MySQL\MySQL Utilities 1.6\;C:\Program Files\Git\cmd;C:\Program Files (x86)\Skype\Phone\;C:\Program Files (x86)\Calibre2\;C:\WINDOWS\system32;C:\WINDOWS;C:\WINDOWS\system32\wbem;C:\CYGWIN\bin;C:\apache-maven-3.3.3\bin;C:\Program Files\nodejs\;C:\WINDOWS\System32\Wbem;C:\WINDOWS\System32\WindowsPowerShell\v1.0\;C:\opencv\build\bin;%USERPROFILE%\.dnx\bin;C:\Program Files\Microsoft DNX\Dnvm\;C:\Program Files\Microsoft SQL Server\130\Tools\Binn\;C:\Program Files\MySQL\MySQL Utilities 1.6\;C:\Program Files\Git\cmd;C:\Program Files (x86)\Skype\Phone\;C:\Program Files (x86)\Calibre2\;C:\WINDOWS\system32;C:\WINDOWS;C:\WINDOWS\system32\wbem;C:\CYGWIN\bin;C:\apache-maven-3.3.3\bin;C:\Program Files\nodejs\;C:\WINDOWS\System32\Wbem;C:\WINDOWS\System32\WindowsPowerShell\v1.0\;C:\opencv\build\bin;C:\WINDOWS\system32\config\systemprofile\.dnx\bin;C:\Program Files\Microsoft DNX\Dnvm\;C:\Program Files\Microsoft SQL Server\130\Tools\Binn\;C:\Program Files\MySQL\MySQL Utilities 1.6\;C:\Program Files\Git\cmd;C:\Program Files (x86)\Skype\Phone\;C:\Users\Hello\AppData\Roaming\npm;%USERPROFILE%\AppData\Local\Microsoft\WindowsApps;;C:\Program Files\Docker Toolbox;C:\eclipse-java-oxygen-R-win32-x86_64\eclipse;;."/>
    <property name="java.specification.name" value="Java Platform API Specification"/>
    <property name="java.class.version" value="52.0"/>
    <property name="sun.management.compiler" value="HotSpot 64-Bit Tiered Compilers"/>
    <property name="os.version" value="6.3"/>
    <property name="user.home" value="C:\Users\Hello"/>
    <property name="user.timezone" value="Europe/London"/>
    <property name="java.awt.printerjob" value="sun.awt.windows.WPrinterJob"/>
    <property name="java.specification.version" value="1.8"/>
    <property name="file.encoding" value="GBK"/>
    <property name="user.name" value="Hello"/>
    <property name="java.class.path" value="/C:/eclipse-java-oxygen-R-win32-x86_64/eclipse/plugins/org.eclipse.m2e.maven.runtime_1.8.0.20170516-2042/jars/plexus-classworlds-2.5.2.jar"/>
    <property name="java.vm.specification.version" value="1.8"/>
    <property name="sun.arch.data.model" value="64"/>
    <property name="java.home" value="C:\Program Files\Java\jdk1.8.0_25\jre"/>
    <property name="sun.java.command" value="org.codehaus.plexus.classworlds.launcher.Launcher -B package"/>
    <property name="java.specification.vendor" value="Oracle Corporation"/>
    <property name="user.language" value="en"/>
    <property name="user.language.format" value="zh"/>
    <property name="awt.toolkit" value="sun.awt.windows.WToolkit"/>
    <property name="java.vm.info" value="mixed mode"/>
    <property name="java.version" value="1.8.0_25"/>
    <property name="java.ext.dirs" value="C:\Program Files\Java\jdk1.8.0_25\jre\lib\ext;C:\WINDOWS\Sun\Java\lib\ext"/>
    <property name="sun.boot.class.path" value="C:\Program Files\Java\jdk1.8.0_25\jre\lib\resources.jar;C:\Program Files\Java\jdk1.8.0_25\jre\lib\rt.jar;C:\Program Files\Java\jdk1.8.0_25\jre\lib\sunrsasign.jar;C:\Program Files\Java\jdk1.8.0_25\jre\lib\jsse.jar;C:\Program Files\Java\jdk1.8.0_25\jre\lib\jce.jar;C:\Program Files\Java\jdk1.8.0_25\jre\lib\charsets.jar;C:\Program Files\Java\jdk1.8.0_25\jre\lib\jfr.jar;C:\Program Files\Java\jdk1.8.0_25\jre\classes"/>
    <property name="java.vendor" value="Oracle Corporation"/>
    <property name="maven.home" value="C:\Users\Hello\Documents\workspace\RobotHoverService\EMBEDDED"/>
    <property name="file.separator" value="\"/>
    <property name="java.vendor.url.bug" value="http://bugreport.sun.com/bugreport/"/>
    <property name="sun.cpu.endian" value="little"/>
    <property name="sun.io.unicode.encoding" value="UnicodeLittle"/>
    <property name="sun.desktop" value="windows"/>
    <property name="sun.cpu.isalist" value="amd64"/>
  </properties>
  <testcase classname="com.robot.utility.InputValidatorImpl2Test" name="testValidateCoords4" time="0"/>
  <testcase classname="com.robot.utility.InputValidatorImpl2Test" name="testValidateRoomSize2" time="0"/>
  <testcase classname="com.robot.utility.InputValidatorImpl2Test" name="testValidateInstructions3" time="0"/>
  <testcase classname="com.robot.utility.InputValidatorImpl2Test" name="testValidatePatches2" time="0"/>
  <testcase classname="com.robot.utility.InputValidatorImpl2Test" name="testValidateRoomSize1" time="0"/>
  <testcase classname="com.robot.utility.InputValidatorImpl2Test" name="testValidateInstructions1" time="0"/>
  <testcase classname="com.robot.utility.InputValidatorImpl2Test" name="testValidatePatches3" time="0"/>
  <testcase classname="com.robot.utility.InputValidatorImpl2Test" name="testValidatePatches4" time="0"/>
  <testcase classname="com.robot.utility.InputValidatorImpl2Test" name="testValidatePatches1" time="0"/>
  <testcase classname="com.robot.utility.InputValidatorImpl2Test" name="testValidateCoords1" time="0"/>
  <testcase classname="com.robot.utility.InputValidatorImpl2Test" name="testValidatePatches5" time="0"/>
  <testcase classname="com.robot.utility.InputValidatorImpl2Test" name="testValidateRoomSize4" time="0"/>
  <testcase classname="com.robot.utility.InputValidatorImpl2Test" name="testValidateCoords3" time="0"/>
  <testcase classname="com.robot.utility.InputValidatorImpl2Test" name="testValidateCoords2" time="0"/>
  <testcase classname="com.robot.utility.InputValidatorImpl2Test" name="testValidateRoomSize3" time="0"/>
  <testcase classname="com.robot.utility.InputValidatorImpl2Test" name="testValidateInstructions2" time="0"/>
  <testcase classname="com.robot.utility.InputValidatorImpl2Test" name="testValidateCoords5" time="0"/>
</testsuite>